
8/16/2016, 2:27:19 PM

Operating System
  Name                        = Mac OS X
  Version                     = 10.11.6
  Architecture                = 64bit
  # CPUs                      = 4
  Memory                      = 8589934592

Node.js
  Node.js Version             = 5.8.0
  npm Version                 = 3.8.1

Titanium CLI
  CLI Version                 = 5.0.6

Titanium SDK
  SDK Version                 = 5.3.0.GA
  SDK Path                    = /Users/e-mmer/Library/Application Support/Titanium/mobilesdk/osx/5.3.0.GA
  Target Platform             = iphone

Command
  /usr/local/bin/node /usr/local/bin/ti build -p ios --build-only

[DEBUG]  Titanium SDK iOS directory: /Users/e-mmer/Library/Application Support/Titanium/mobilesdk/osx/5.3.0.GA/iphone
[INFO]   Project directory: /Users/e-mmer/Sites/ti-mapbox-gl/module/iphone
[INFO]   Module ID: matise.mapbox
[DEBUG]  Writing module assets file: /Users/e-mmer/Sites/ti-mapbox-gl/module/iphone/Classes/MatiseMapboxModuleAssets.m
[TRACE]  [xcode-sim] Build settings from command line:
[TRACE]  [xcode-sim]     SDKROOT = iphonesimulator9.3
[TRACE]  [xcode-dist] Build settings from command line:
[TRACE]  [xcode-dist]     SDKROOT = iphoneos9.3
[TRACE]  [xcode-sim] === BUILD TARGET mapbox OF PROJECT mapbox WITH CONFIGURATION Release ===
[TRACE]  [xcode-sim] Check dependencies
[TRACE]  [xcode-dist] === BUILD TARGET mapbox OF PROJECT mapbox WITH CONFIGURATION Release ===
[TRACE]  [xcode-dist] Check dependencies
[TRACE]  [xcode-sim] CompileC build/mapbox.build/Release-iphonesimulator/mapbox.build/Objects-normal/i386/MatiseMapboxModuleAssets.o Classes/MatiseMapboxModuleAssets.m normal i386 objective-c com.apple.compilers.llvm.clang.1_0.compiler
[TRACE]  [xcode-sim]     cd /Users/e-mmer/Sites/ti-mapbox-gl/module/iphone
[TRACE]  [xcode-sim]     export LANG=en_US.US-ASCII
[TRACE]  [xcode-sim]     export PATH="/Applications/Xcode.app/Contents/Developer/Platforms/iPhoneSimulator.platform/Developer/usr/bin:/Applications/Xcode.app/Contents/Developer/usr/bin:/Library/Frameworks/GDAL.framework/Programs:/Library/Frameworks/GDAL.framework/Programs:/Applications/Postgres.app/Contents/Versions/9.3/bin:/Applications/Postgres.app/Contents/Versions/9.3/bin:/Applications/Postgres.app/Contents/Versions/9.3/bin:/usr/local/bin:/usr/local/bin:/usr/bin:/bin:/usr/sbin:/sbin:/opt/ImageMagick/bin"
[TRACE]  [xcode-sim]     /Applications/Xcode.app/Contents/Developer/Toolchains/XcodeDefault.xctoolchain/usr/bin/clang -x objective-c -arch i386 -fmessage-length=0 -fdiagnostics-show-note-include-stack -fmacro-backtrace-limit=0 -std=c99 -Wno-trigraphs -fpascal-strings -Os -Wno-missing-field-initializers -Wno-missing-prototypes -Wno-return-type -Wno-implicit-atomic-properties -Wno-arc-repeated-use-of-weak -Wno-missing-braces -Wno-parentheses -Wswitch -Wunused-function -Wno-unused-label -Wno-unused-parameter -Wno-unused-variable -Wno-unused-value -Wno-empty-body -Wno-uninitialized -Wno-unknown-pragmas -Wno-shadow -Wno-four-char-constants -Wno-conversion -Wno-constant-conversion -Wno-int-conversion -Wno-bool-conversion -Wno-enum-conversion -Wno-shorten-64-to-32 -Wpointer-sign -Wno-newline-eof -Wno-selector -Wno-strict-selector-match -Wno-undeclared-selector -Wno-deprecated-implementations -DTI_VERSION= -isysroot /Applications/Xcode.app/Contents/Developer/Platforms/iPhoneSimulator.platform/Developer/SDKs/iPhoneSimulator9.3.sdk -fasm-blocks -fstrict-aliasing -Wprotocol -Wdeprecated-declarations -mios-simulator-version-min=6.0 -g -Wno-sign-conversion -fobjc-abi-version=2 -fobjc-legacy-dispatch -iquote /Users/e-mmer/Sites/ti-mapbox-gl/module/iphone/build/mapbox.build/Release-iphonesimulator/mapbox.build/MatiseMapbox-generated-files.hmap -I/Users/e-mmer/Sites/ti-mapbox-gl/module/iphone/build/mapbox.build/Release-iphonesimulator/mapbox.build/MatiseMapbox-own-target-headers.hmap -I/Users/e-mmer/Sites/ti-mapbox-gl/module/iphone/build/mapbox.build/Release-iphonesimulator/mapbox.build/MatiseMapbox-all-target-headers.hmap -iquote /Users/e-mmer/Sites/ti-mapbox-gl/module/iphone/build/mapbox.build/Release-iphonesimulator/mapbox.build/MatiseMapbox-project-headers.hmap -I/Users/e-mmer/Sites/ti-mapbox-gl/module/iphone/build/Release-iphonesimulator/include -I/Users/e-mmer/Library/Application\ Support/Titanium/mobilesdk/osx/5.3.0.GA/iphone/include -I/Users/e-mmer/Library/Application\ Support/Titanium/mobilesdk/osx/5.3.0.GA/iphone/include/TiCore -I/Users/e-mmer/Library/Application\ Support/Titanium/mobilesdk/osx/5.3.0.GA/iphone/include/JavaScriptCore -I/Users/e-mmer/Sites/ti-mapbox-gl/module/iphone/build/mapbox.build/Release-iphonesimulator/mapbox.build/DerivedSources/i386 -I/Users/e-mmer/Sites/ti-mapbox-gl/module/iphone/build/mapbox.build/Release-iphonesimulator/mapbox.build/DerivedSources -F/Users/e-mmer/Sites/ti-mapbox-gl/module/iphone/build/Release-iphonesimulator -F/Users/e-mmer/Sites/ti-mapbox-gl/module/iphone/platform -DTI_POST_1_2 -include /var/folders/28/m8q8ztzn0957zpt2s5yyx1b80000gn/C/com.apple.DeveloperTools/7.3.1-7D1014/Xcode/SharedPrecompiledHeaders/MatiseMapbox_Prefix-dnzypphlblyouhgcqtliridmyeqq/MatiseMapbox_Prefix.pch -MMD -MT dependencies -MF /Users/e-mmer/Sites/ti-mapbox-gl/module/iphone/build/mapbox.build/Release-iphonesimulator/mapbox.build/Objects-normal/i386/MatiseMapboxModuleAssets.d --serialize-diagnostics /Users/e-mmer/Sites/ti-mapbox-gl/module/iphone/build/mapbox.build/Release-iphonesimulator/mapbox.build/Objects-normal/i386/MatiseMapboxModuleAssets.dia -c /Users/e-mmer/Sites/ti-mapbox-gl/module/iphone/Classes/MatiseMapboxModuleAssets.m -o /Users/e-mmer/Sites/ti-mapbox-gl/module/iphone/build/mapbox.build/Release-iphonesimulator/mapbox.build/Objects-normal/i386/MatiseMapboxModuleAssets.o
[TRACE]  [xcode-dist] CompileC build/mapbox.build/Release-iphoneos/mapbox.build/Objects-normal/arm64/MatiseMapboxModuleAssets.o Classes/MatiseMapboxModuleAssets.m normal arm64 objective-c com.apple.compilers.llvm.clang.1_0.compiler
[TRACE]  [xcode-dist]     cd /Users/e-mmer/Sites/ti-mapbox-gl/module/iphone
[TRACE]  [xcode-dist]     export LANG=en_US.US-ASCII
[TRACE]  [xcode-dist]     export PATH="/Applications/Xcode.app/Contents/Developer/Platforms/iPhoneOS.platform/Developer/usr/bin:/Applications/Xcode.app/Contents/Developer/usr/bin:/Library/Frameworks/GDAL.framework/Programs:/Library/Frameworks/GDAL.framework/Programs:/Applications/Postgres.app/Contents/Versions/9.3/bin:/Applications/Postgres.app/Contents/Versions/9.3/bin:/Applications/Postgres.app/Contents/Versions/9.3/bin:/usr/local/bin:/usr/local/bin:/usr/bin:/bin:/usr/sbin:/sbin:/opt/ImageMagick/bin"
[TRACE]  [xcode-dist]     /Applications/Xcode.app/Contents/Developer/Toolchains/XcodeDefault.xctoolchain/usr/bin/clang -x objective-c -arch arm64 -fmessage-length=0 -fdiagnostics-show-note-include-stack -fmacro-backtrace-limit=0 -std=c99 -Wno-trigraphs -fpascal-strings -Os -Wno-missing-field-initializers -Wno-missing-prototypes -Wno-return-type -Wno-implicit-atomic-properties -Wno-arc-repeated-use-of-weak -Wno-missing-braces -Wno-parentheses -Wswitch -Wunused-function -Wno-unused-label -Wno-unused-parameter -Wno-unused-variable -Wno-unused-value -Wno-empty-body -Wno-uninitialized -Wno-unknown-pragmas -Wno-shadow -Wno-four-char-constants -Wno-conversion -Wno-constant-conversion -Wno-int-conversion -Wno-bool-conversion -Wno-enum-conversion -Wshorten-64-to-32 -Wpointer-sign -Wno-newline-eof -Wno-selector -Wno-strict-selector-match -Wno-undeclared-selector -Wno-deprecated-implementations -DTI_VERSION= -isysroot /Applications/Xcode.app/Contents/Developer/Platforms/iPhoneOS.platform/Developer/SDKs/iPhoneOS9.3.sdk -fstrict-aliasing -Wprotocol -Wdeprecated-declarations -miphoneos-version-min=6.0 -g -Wno-sign-conversion -fembed-bitcode-marker -iquote /Users/e-mmer/Sites/ti-mapbox-gl/module/iphone/build/mapbox.build/Release-iphoneos/mapbox.build/MatiseMapbox-generated-files.hmap -I/Users/e-mmer/Sites/ti-mapbox-gl/module/iphone/build/mapbox.build/Release-iphoneos/mapbox.build/MatiseMapbox-own-target-headers.hmap -I/Users/e-mmer/Sites/ti-mapbox-gl/module/iphone/build/mapbox.build/Release-iphoneos/mapbox.build/MatiseMapbox-all-target-headers.hmap -iquote /Users/e-mmer/Sites/ti-mapbox-gl/module/iphone/build/mapbox.build/Release-iphoneos/mapbox.build/MatiseMapbox-project-headers.hmap -I/Users/e-mmer/Sites/ti-mapbox-gl/module/iphone/build/Release-iphoneos/include -I/Users/e-mmer/Library/Application\ Support/Titanium/mobilesdk/osx/5.3.0.GA/iphone/include -I/Users/e-mmer/Library/Application\ Support/Titanium/mobilesdk/osx/5.3.0.GA/iphone/include/TiCore -I/Users/e-mmer/Library/Application\ Support/Titanium/mobilesdk/osx/5.3.0.GA/iphone/include/JavaScriptCore -I/Users/e-mmer/Sites/ti-mapbox-gl/module/iphone/build/mapbox.build/Release-iphoneos/mapbox.build/DerivedSources/arm64 -I/Users/e-mmer/Sites/ti-mapbox-gl/module/iphone/build/mapbox.build/Release-iphoneos/mapbox.build/DerivedSources -F/Users/e-mmer/Sites/ti-mapbox-gl/module/iphone/build/Release-iphoneos -F/Users/e-mmer/Sites/ti-mapbox-gl/module/iphone/platform -DTI_POST_1_2 -include /var/folders/28/m8q8ztzn0957zpt2s5yyx1b80000gn/C/com.apple.DeveloperTools/7.3.1-7D1014/Xcode/SharedPrecompiledHeaders/MatiseMapbox_Prefix-gtpsaskdxutkkdfycwujqlofykng/MatiseMapbox_Prefix.pch -MMD -MT dependencies -MF /Users/e-mmer/Sites/ti-mapbox-gl/module/iphone/build/mapbox.build/Release-iphoneos/mapbox.build/Objects-normal/arm64/MatiseMapboxModuleAssets.d --serialize-diagnostics /Users/e-mmer/Sites/ti-mapbox-gl/module/iphone/build/mapbox.build/Release-iphoneos/mapbox.build/Objects-normal/arm64/MatiseMapboxModuleAssets.dia -c /Users/e-mmer/Sites/ti-mapbox-gl/module/iphone/Classes/MatiseMapboxModuleAssets.m -o /Users/e-mmer/Sites/ti-mapbox-gl/module/iphone/build/mapbox.build/Release-iphoneos/mapbox.build/Objects-normal/arm64/MatiseMapboxModuleAssets.o
[TRACE]  [xcode-dist] CompileC build/mapbox.build/Release-iphoneos/mapbox.build/Objects-normal/armv7/MatiseMapboxMapView.o MatiseMapboxMapView.m normal armv7 objective-c com.apple.compilers.llvm.clang.1_0.compiler
[TRACE]  [xcode-dist]     cd /Users/e-mmer/Sites/ti-mapbox-gl/module/iphone
[TRACE]  [xcode-dist]     export LANG=en_US.US-ASCII
[TRACE]  [xcode-dist]     export PATH="/Applications/Xcode.app/Contents/Developer/Platforms/iPhoneOS.platform/Developer/usr/bin:/Applications/Xcode.app/Contents/Developer/usr/bin:/Library/Frameworks/GDAL.framework/Programs:/Library/Frameworks/GDAL.framework/Programs:/Applications/Postgres.app/Contents/Versions/9.3/bin:/Applications/Postgres.app/Contents/Versions/9.3/bin:/Applications/Postgres.app/Contents/Versions/9.3/bin:/usr/local/bin:/usr/local/bin:/usr/bin:/bin:/usr/sbin:/sbin:/opt/ImageMagick/bin"
[TRACE]  [xcode-dist]     /Applications/Xcode.app/Contents/Developer/Toolchains/XcodeDefault.xctoolchain/usr/bin/clang -x objective-c -arch armv7 -fmessage-length=0 -fdiagnostics-show-note-include-stack -fmacro-backtrace-limit=0 -std=c99 -Wno-trigraphs -fpascal-strings -Os -Wno-missing-field-initializers -Wno-missing-prototypes -Wno-return-type -Wno-implicit-atomic-properties -Wno-arc-repeated-use-of-weak -Wno-missing-braces -Wno-parentheses -Wswitch -Wunused-function -Wno-unused-label -Wno-unused-parameter -Wno-unused-variable -Wno-unused-value -Wno-empty-body -Wno-uninitialized -Wno-unknown-pragmas -Wno-shadow -Wno-four-char-constants -Wno-conversion -Wno-constant-conversion -Wno-int-conversion -Wno-bool-conversion -Wno-enum-conversion -Wno-shorten-64-to-32 -Wpointer-sign -Wno-newline-eof -Wno-selector -Wno-strict-selector-match -Wno-undeclared-selector -Wno-deprecated-implementations -DTI_VERSION= -isysroot /Applications/Xcode.app/Contents/Developer/Platforms/iPhoneOS.platform/Developer/SDKs/iPhoneOS9.3.sdk -fstrict-aliasing -Wprotocol -Wdeprecated-declarations -miphoneos-version-min=6.0 -g -Wno-sign-conversion -fembed-bitcode-marker -iquote /Users/e-mmer/Sites/ti-mapbox-gl/module/iphone/build/mapbox.build/Release-iphoneos/mapbox.build/MatiseMapbox-generated-files.hmap -I/Users/e-mmer/Sites/ti-mapbox-gl/module/iphone/build/mapbox.build/Release-iphoneos/mapbox.build/MatiseMapbox-own-target-headers.hmap -I/Users/e-mmer/Sites/ti-mapbox-gl/module/iphone/build/mapbox.build/Release-iphoneos/mapbox.build/MatiseMapbox-all-target-headers.hmap -iquote /Users/e-mmer/Sites/ti-mapbox-gl/module/iphone/build/mapbox.build/Release-iphoneos/mapbox.build/MatiseMapbox-project-headers.hmap -I/Users/e-mmer/Sites/ti-mapbox-gl/module/iphone/build/Release-iphoneos/include -I/Users/e-mmer/Library/Application\ Support/Titanium/mobilesdk/osx/5.3.0.GA/iphone/include -I/Users/e-mmer/Library/Application\ Support/Titanium/mobilesdk/osx/5.3.0.GA/iphone/include/TiCore -I/Users/e-mmer/Library/Application\ Support/Titanium/mobilesdk/osx/5.3.0.GA/iphone/include/JavaScriptCore -I/Users/e-mmer/Sites/ti-mapbox-gl/module/iphone/build/mapbox.build/Release-iphoneos/mapbox.build/DerivedSources/armv7 -I/Users/e-mmer/Sites/ti-mapbox-gl/module/iphone/build/mapbox.build/Release-iphoneos/mapbox.build/DerivedSources -F/Users/e-mmer/Sites/ti-mapbox-gl/module/iphone/build/Release-iphoneos -F/Users/e-mmer/Sites/ti-mapbox-gl/module/iphone/platform -DTI_POST_1_2 -include /var/folders/28/m8q8ztzn0957zpt2s5yyx1b80000gn/C/com.apple.DeveloperTools/7.3.1-7D1014/Xcode/SharedPrecompiledHeaders/MatiseMapbox_Prefix-bsafdjeqschrmbdjcpapunuyivav/MatiseMapbox_Prefix.pch -MMD -MT dependencies -MF /Users/e-mmer/Sites/ti-mapbox-gl/module/iphone/build/mapbox.build/Release-iphoneos/mapbox.build/Objects-normal/armv7/MatiseMapboxMapView.d --serialize-diagnostics /Users/e-mmer/Sites/ti-mapbox-gl/module/iphone/build/mapbox.build/Release-iphoneos/mapbox.build/Objects-normal/armv7/MatiseMapboxMapView.dia -c /Users/e-mmer/Sites/ti-mapbox-gl/module/iphone/MatiseMapboxMapView.m -o /Users/e-mmer/Sites/ti-mapbox-gl/module/iphone/build/mapbox.build/Release-iphoneos/mapbox.build/Objects-normal/armv7/MatiseMapboxMapView.o
[TRACE]  [xcode-sim] CompileC build/mapbox.build/Release-iphonesimulator/mapbox.build/Objects-normal/i386/MatiseMapboxMapView.o MatiseMapboxMapView.m normal i386 objective-c com.apple.compilers.llvm.clang.1_0.compiler
[TRACE]  [xcode-sim]     cd /Users/e-mmer/Sites/ti-mapbox-gl/module/iphone
[TRACE]  [xcode-sim]     export LANG=en_US.US-ASCII
[TRACE]  [xcode-sim]     export PATH="/Applications/Xcode.app/Contents/Developer/Platforms/iPhoneSimulator.platform/Developer/usr/bin:/Applications/Xcode.app/Contents/Developer/usr/bin:/Library/Frameworks/GDAL.framework/Programs:/Library/Frameworks/GDAL.framework/Programs:/Applications/Postgres.app/Contents/Versions/9.3/bin:/Applications/Postgres.app/Contents/Versions/9.3/bin:/Applications/Postgres.app/Contents/Versions/9.3/bin:/usr/local/bin:/usr/local/bin:/usr/bin:/bin:/usr/sbin:/sbin:/opt/ImageMagick/bin"
[TRACE]  [xcode-sim]     /Applications/Xcode.app/Contents/Developer/Toolchains/XcodeDefault.xctoolchain/usr/bin/clang -x objective-c -arch i386 -fmessage-length=0 -fdiagnostics-show-note-include-stack -fmacro-backtrace-limit=0 -std=c99 -Wno-trigraphs -fpascal-strings -Os -Wno-missing-field-initializers -Wno-missing-prototypes -Wno-return-type -Wno-implicit-atomic-properties -Wno-arc-repeated-use-of-weak -Wno-missing-braces -Wno-parentheses -Wswitch -Wunused-function -Wno-unused-label -Wno-unused-parameter -Wno-unused-variable -Wno-unused-value -Wno-empty-body -Wno-uninitialized -Wno-unknown-pragmas -Wno-shadow -Wno-four-char-constants -Wno-conversion -Wno-constant-conversion -Wno-int-conversion -Wno-bool-conversion -Wno-enum-conversion -Wno-shorten-64-to-32 -Wpointer-sign -Wno-newline-eof -Wno-selector -Wno-strict-selector-match -Wno-undeclared-selector -Wno-deprecated-implementations -DTI_VERSION= -isysroot /Applications/Xcode.app/Contents/Developer/Platforms/iPhoneSimulator.platform/Developer/SDKs/iPhoneSimulator9.3.sdk -fasm-blocks -fstrict-aliasing -Wprotocol -Wdeprecated-declarations -mios-simulator-version-min=6.0 -g -Wno-sign-conversion -fobjc-abi-version=2 -fobjc-legacy-dispatch -iquote /Users/e-mmer/Sites/ti-mapbox-gl/module/iphone/build/mapbox.build/Release-iphonesimulator/mapbox.build/MatiseMapbox-generated-files.hmap -I/Users/e-mmer/Sites/ti-mapbox-gl/module/iphone/build/mapbox.build/Release-iphonesimulator/mapbox.build/MatiseMapbox-own-target-headers.hmap -I/Users/e-mmer/Sites/ti-mapbox-gl/module/iphone/build/mapbox.build/Release-iphonesimulator/mapbox.build/MatiseMapbox-all-target-headers.hmap -iquote /Users/e-mmer/Sites/ti-mapbox-gl/module/iphone/build/mapbox.build/Release-iphonesimulator/mapbox.build/MatiseMapbox-project-headers.hmap -I/Users/e-mmer/Sites/ti-mapbox-gl/module/iphone/build/Release-iphonesimulator/include -I/Users/e-mmer/Library/Application\ Support/Titanium/mobilesdk/osx/5.3.0.GA/iphone/include -I/Users/e-mmer/Library/Application\ Support/Titanium/mobilesdk/osx/5.3.0.GA/iphone/include/TiCore -I/Users/e-mmer/Library/Application\ Support/Titanium/mobilesdk/osx/5.3.0.GA/iphone/include/JavaScriptCore -I/Users/e-mmer/Sites/ti-mapbox-gl/module/iphone/build/mapbox.build/Release-iphonesimulator/mapbox.build/DerivedSources/i386 -I/Users/e-mmer/Sites/ti-mapbox-gl/module/iphone/build/mapbox.build/Release-iphonesimulator/mapbox.build/DerivedSources -F/Users/e-mmer/Sites/ti-mapbox-gl/module/iphone/build/Release-iphonesimulator -F/Users/e-mmer/Sites/ti-mapbox-gl/module/iphone/platform -DTI_POST_1_2 -include /var/folders/28/m8q8ztzn0957zpt2s5yyx1b80000gn/C/com.apple.DeveloperTools/7.3.1-7D1014/Xcode/SharedPrecompiledHeaders/MatiseMapbox_Prefix-dnzypphlblyouhgcqtliridmyeqq/MatiseMapbox_Prefix.pch -MMD -MT dependencies -MF /Users/e-mmer/Sites/ti-mapbox-gl/module/iphone/build/mapbox.build/Release-iphonesimulator/mapbox.build/Objects-normal/i386/MatiseMapboxMapView.d --serialize-diagnostics /Users/e-mmer/Sites/ti-mapbox-gl/module/iphone/build/mapbox.build/Release-iphonesimulator/mapbox.build/Objects-normal/i386/MatiseMapboxMapView.dia -c /Users/e-mmer/Sites/ti-mapbox-gl/module/iphone/MatiseMapboxMapView.m -o /Users/e-mmer/Sites/ti-mapbox-gl/module/iphone/build/mapbox.build/Release-iphonesimulator/mapbox.build/Objects-normal/i386/MatiseMapboxMapView.o
[TRACE]  [xcode-sim] In file included from /Users/e-mmer/Sites/ti-mapbox-gl/module/iphone/MatiseMapboxMapView.m:9:
[TRACE]  [xcode-sim] In file included from /Users/e-mmer/Sites/ti-mapbox-gl/module/iphone/MatiseMapboxMapView.h:8:
[TRACE]  [xcode-sim] In file included from /Users/e-mmer/Sites/ti-mapbox-gl/module/iphone/platform/Mapbox.framework/Headers/Mapbox.h:15:
[TRACE]  [xcode-sim] /Users/e-mmer/Sites/ti-mapbox-gl/module/iphone/platform/Mapbox.framework/Headers/MGLMapView.h:137:1: warning: no 'assign', 'retain', or 'copy' attribute is specified - 'assign' is assumed [-Wobjc-property-no-attribute]
[TRACE]  [xcode-sim] @property (nonatomic, null_resettable) NSURL *styleURL;
[TRACE]  [xcode-sim] ^
[TRACE]  [xcode-sim] /Users/e-mmer/Sites/ti-mapbox-gl/module/iphone/platform/Mapbox.framework/Headers/MGLMapView.h:137:1: warning: default property attribute 'assign' not appropriate for non-GC object [-Wobjc-property-no-attribute]
[TRACE]  [xcode-sim] /Users/e-mmer/Sites/ti-mapbox-gl/module/iphone/platform/Mapbox.framework/Headers/MGLMapView.h:181:1: warning: no 'assign', 'retain', or 'copy' attribute is specified - 'assign' is assumed [-Wobjc-property-no-attribute]
[TRACE]  [xcode-sim] @property (nonatomic) NS_ARRAY_OF(NSString *) *styleClasses;
[TRACE]  [xcode-sim] ^
[TRACE]  [xcode-sim] /Users/e-mmer/Sites/ti-mapbox-gl/module/iphone/platform/Mapbox.framework/Headers/MGLMapView.h:181:1: warning: default property attribute 'assign' not appropriate for non-GC object [-Wobjc-property-no-attribute]
[TRACE]  [xcode-sim] /Users/e-mmer/Sites/ti-mapbox-gl/module/iphone/MatiseMapboxMapView.m:229:6: warning: local declaration of 'mapView' hides instance variable [-Wshadow-ivar]
[TRACE]  [xcode-sim]     [mapView deselectAnnotation:annotation animated:NO];
[TRACE]  [xcode-sim]      ^
[TRACE]  [xcode-sim] /Users/e-mmer/Sites/ti-mapbox-gl/module/iphone/MatiseMapboxMapView.m:244:44: warning: local declaration of 'mapView' hides instance variable [-Wshadow-ivar]
[TRACE]  [xcode-sim]     MGLAnnotationImage *annotationImage = [mapView dequeueReusableAnnotationImageWithIdentifier:marker.image];
[TRACE]  [xcode-sim]                                            ^
[TRACE]  [xcode-sim] 6 warnings generated.
[TRACE]  [xcode-sim] CompileC build/mapbox.build/Release-iphonesimulator/mapbox.build/Objects-normal/x86_64/MatiseMapboxModuleAssets.o Classes/MatiseMapboxModuleAssets.m normal x86_64 objective-c com.apple.compilers.llvm.clang.1_0.compiler
[TRACE]  [xcode-sim]     cd /Users/e-mmer/Sites/ti-mapbox-gl/module/iphone
[TRACE]  [xcode-sim]     export LANG=en_US.US-ASCII
[TRACE]  [xcode-sim]     export PATH="/Applications/Xcode.app/Contents/Developer/Platforms/iPhoneSimulator.platform/Developer/usr/bin:/Applications/Xcode.app/Contents/Developer/usr/bin:/Library/Frameworks/GDAL.framework/Programs:/Library/Frameworks/GDAL.framework/Programs:/Applications/Postgres.app/Contents/Versions/9.3/bin:/Applications/Postgres.app/Contents/Versions/9.3/bin:/Applications/Postgres.app/Contents/Versions/9.3/bin:/usr/local/bin:/usr/local/bin:/usr/bin:/bin:/usr/sbin:/sbin:/opt/ImageMagick/bin"
[TRACE]  [xcode-sim]     /Applications/Xcode.app/Contents/Developer/Toolchains/XcodeDefault.xctoolchain/usr/bin/clang -x objective-c -arch x86_64 -fmessage-length=0 -fdiagnostics-show-note-include-stack -fmacro-backtrace-limit=0 -std=c99 -Wno-trigraphs -fpascal-strings -Os -Wno-missing-field-initializers -Wno-missing-prototypes -Wno-return-type -Wno-implicit-atomic-properties -Wno-arc-repeated-use-of-weak -Wno-missing-braces -Wno-parentheses -Wswitch -Wunused-function -Wno-unused-label -Wno-unused-parameter -Wno-unused-variable -Wno-unused-value -Wno-empty-body -Wno-uninitialized -Wno-unknown-pragmas -Wno-shadow -Wno-four-char-constants -Wno-conversion -Wno-constant-conversion -Wno-int-conversion -Wno-bool-conversion -Wno-enum-conversion -Wshorten-64-to-32 -Wpointer-sign -Wno-newline-eof -Wno-selector -Wno-strict-selector-match -Wno-undeclared-selector -Wno-deprecated-implementations -DTI_VERSION= -isysroot /Applications/Xcode.app/Contents/Developer/Platforms/iPhoneSimulator.platform/Developer/SDKs/iPhoneSimulator9.3.sdk -fasm-blocks -fstrict-aliasing -Wprotocol -Wdeprecated-declarations -mios-simulator-version-min=6.0 -g -Wno-sign-conversion -fobjc-abi-version=2 -fobjc-legacy-dispatch -iquote /Users/e-mmer/Sites/ti-mapbox-gl/module/iphone/build/mapbox.build/Release-iphonesimulator/mapbox.build/MatiseMapbox-generated-files.hmap -I/Users/e-mmer/Sites/ti-mapbox-gl/module/iphone/build/mapbox.build/Release-iphonesimulator/mapbox.build/MatiseMapbox-own-target-headers.hmap -I/Users/e-mmer/Sites/ti-mapbox-gl/module/iphone/build/mapbox.build/Release-iphonesimulator/mapbox.build/MatiseMapbox-all-target-headers.hmap -iquote /Users/e-mmer/Sites/ti-mapbox-gl/module/iphone/build/mapbox.build/Release-iphonesimulator/mapbox.build/MatiseMapbox-project-headers.hmap -I/Users/e-mmer/Sites/ti-mapbox-gl/module/iphone/build/Release-iphonesimulator/include -I/Users/e-mmer/Library/Application\ Support/Titanium/mobilesdk/osx/5.3.0.GA/iphone/include -I/Users/e-mmer/Library/Application\ Support/Titanium/mobilesdk/osx/5.3.0.GA/iphone/include/TiCore -I/Users/e-mmer/Library/Application\ Support/Titanium/mobilesdk/osx/5.3.0.GA/iphone/include/JavaScriptCore -I/Users/e-mmer/Sites/ti-mapbox-gl/module/iphone/build/mapbox.build/Release-iphonesimulator/mapbox.build/DerivedSources/x86_64 -I/Users/e-mmer/Sites/ti-mapbox-gl/module/iphone/build/mapbox.build/Release-iphonesimulator/mapbox.build/DerivedSources -F/Users/e-mmer/Sites/ti-mapbox-gl/module/iphone/build/Release-iphonesimulator -F/Users/e-mmer/Sites/ti-mapbox-gl/module/iphone/platform -DTI_POST_1_2 -include /var/folders/28/m8q8ztzn0957zpt2s5yyx1b80000gn/C/com.apple.DeveloperTools/7.3.1-7D1014/Xcode/SharedPrecompiledHeaders/MatiseMapbox_Prefix-adonacbrlruxjgbtzwyxxcwiyhot/MatiseMapbox_Prefix.pch -MMD -MT dependencies -MF /Users/e-mmer/Sites/ti-mapbox-gl/module/iphone/build/mapbox.build/Release-iphonesimulator/mapbox.build/Objects-normal/x86_64/MatiseMapboxModuleAssets.d --serialize-diagnostics /Users/e-mmer/Sites/ti-mapbox-gl/module/iphone/build/mapbox.build/Release-iphonesimulator/mapbox.build/Objects-normal/x86_64/MatiseMapboxModuleAssets.dia -c /Users/e-mmer/Sites/ti-mapbox-gl/module/iphone/Classes/MatiseMapboxModuleAssets.m -o /Users/e-mmer/Sites/ti-mapbox-gl/module/iphone/build/mapbox.build/Release-iphonesimulator/mapbox.build/Objects-normal/x86_64/MatiseMapboxModuleAssets.o
[TRACE]  [xcode-sim] CompileC build/mapbox.build/Release-iphonesimulator/mapbox.build/Objects-normal/x86_64/MatiseMapboxMapView.o MatiseMapboxMapView.m normal x86_64 objective-c com.apple.compilers.llvm.clang.1_0.compiler
[TRACE]  [xcode-sim]     cd /Users/e-mmer/Sites/ti-mapbox-gl/module/iphone
[TRACE]  [xcode-sim]     export LANG=en_US.US-ASCII
[TRACE]  [xcode-sim]     export PATH="/Applications/Xcode.app/Contents/Developer/Platforms/iPhoneSimulator.platform/Developer/usr/bin:/Applications/Xcode.app/Contents/Developer/usr/bin:/Library/Frameworks/GDAL.framework/Programs:/Library/Frameworks/GDAL.framework/Programs:/Applications/Postgres.app/Contents/Versions/9.3/bin:/Applications/Postgres.app/Contents/Versions/9.3/bin:/Applications/Postgres.app/Contents/Versions/9.3/bin:/usr/local/bin:/usr/local/bin:/usr/bin:/bin:/usr/sbin:/sbin:/opt/ImageMagick/bin"
[TRACE]  [xcode-sim]     /Applications/Xcode.app/Contents/Developer/Toolchains/XcodeDefault.xctoolchain/usr/bin/clang -x objective-c -arch x86_64 -fmessage-length=0 -fdiagnostics-show-note-include-stack -fmacro-backtrace-limit=0 -std=c99 -Wno-trigraphs -fpascal-strings -Os -Wno-missing-field-initializers -Wno-missing-prototypes -Wno-return-type -Wno-implicit-atomic-properties -Wno-arc-repeated-use-of-weak -Wno-missing-braces -Wno-parentheses -Wswitch -Wunused-function -Wno-unused-label -Wno-unused-parameter -Wno-unused-variable -Wno-unused-value -Wno-empty-body -Wno-uninitialized -Wno-unknown-pragmas -Wno-shadow -Wno-four-char-constants -Wno-conversion -Wno-constant-conversion -Wno-int-conversion -Wno-bool-conversion -Wno-enum-conversion -Wshorten-64-to-32 -Wpointer-sign -Wno-newline-eof -Wno-selector -Wno-strict-selector-match -Wno-undeclared-selector -Wno-deprecated-implementations -DTI_VERSION= -isysroot /Applications/Xcode.app/Contents/Developer/Platforms/iPhoneSimulator.platform/Developer/SDKs/iPhoneSimulator9.3.sdk -fasm-blocks -fstrict-aliasing -Wprotocol -Wdeprecated-declarations -mios-simulator-version-min=6.0 -g -Wno-sign-conversion -fobjc-abi-version=2 -fobjc-legacy-dispatch -iquote /Users/e-mmer/Sites/ti-mapbox-gl/module/iphone/build/mapbox.build/Release-iphonesimulator/mapbox.build/MatiseMapbox-generated-files.hmap -I/Users/e-mmer/Sites/ti-mapbox-gl/module/iphone/build/mapbox.build/Release-iphonesimulator/mapbox.build/MatiseMapbox-own-target-headers.hmap -I/Users/e-mmer/Sites/ti-mapbox-gl/module/iphone/build/mapbox.build/Release-iphonesimulator/mapbox.build/MatiseMapbox-all-target-headers.hmap -iquote /Users/e-mmer/Sites/ti-mapbox-gl/module/iphone/build/mapbox.build/Release-iphonesimulator/mapbox.build/MatiseMapbox-project-headers.hmap -I/Users/e-mmer/Sites/ti-mapbox-gl/module/iphone/build/Release-iphonesimulator/include -I/Users/e-mmer/Library/Application\ Support/Titanium/mobilesdk/osx/5.3.0.GA/iphone/include -I/Users/e-mmer/Library/Application\ Support/Titanium/mobilesdk/osx/5.3.0.GA/iphone/include/TiCore -I/Users/e-mmer/Library/Application\ Support/Titanium/mobilesdk/osx/5.3.0.GA/iphone/include/JavaScriptCore -I/Users/e-mmer/Sites/ti-mapbox-gl/module/iphone/build/mapbox.build/Release-iphonesimulator/mapbox.build/DerivedSources/x86_64 -I/Users/e-mmer/Sites/ti-mapbox-gl/module/iphone/build/mapbox.build/Release-iphonesimulator/mapbox.build/DerivedSources -F/Users/e-mmer/Sites/ti-mapbox-gl/module/iphone/build/Release-iphonesimulator -F/Users/e-mmer/Sites/ti-mapbox-gl/module/iphone/platform -DTI_POST_1_2 -include /var/folders/28/m8q8ztzn0957zpt2s5yyx1b80000gn/C/com.apple.DeveloperTools/7.3.1-7D1014/Xcode/SharedPrecompiledHeaders/MatiseMapbox_Prefix-adonacbrlruxjgbtzwyxxcwiyhot/MatiseMapbox_Prefix.pch -MMD -MT dependencies -MF /Users/e-mmer/Sites/ti-mapbox-gl/module/iphone/build/mapbox.build/Release-iphonesimulator/mapbox.build/Objects-normal/x86_64/MatiseMapboxMapView.d --serialize-diagnostics /Users/e-mmer/Sites/ti-mapbox-gl/module/iphone/build/mapbox.build/Release-iphonesimulator/mapbox.build/Objects-normal/x86_64/MatiseMapboxMapView.dia -c /Users/e-mmer/Sites/ti-mapbox-gl/module/iphone/MatiseMapboxMapView.m -o /Users/e-mmer/Sites/ti-mapbox-gl/module/iphone/build/mapbox.build/Release-iphonesimulator/mapbox.build/Objects-norm
[TRACE]  [xcode-sim] al/x86_64/MatiseMapboxMapView.o
[TRACE]  [xcode-sim] In file included from /Users/e-mmer/Sites/ti-mapbox-gl/module/iphone/MatiseMapboxMapView.m:9:
[TRACE]  [xcode-sim] In file included from /Users/e-mmer/Sites/ti-mapbox-gl/module/iphone/MatiseMapboxMapView.h:8:
[TRACE]  [xcode-sim] In file included from /Users/e-mmer/Sites/ti-mapbox-gl/module/iphone/platform/Mapbox.framework/Headers/Mapbox.h:15:
[TRACE]  [xcode-sim] /Users/e-mmer/Sites/ti-mapbox-gl/module/iphone/platform/Mapbox.framework/Headers/MGLMapView.h:137:1: warning: no 'assign', 'retain', or 'copy' attribute is specified - 'assign' is assumed [-Wobjc-property-no-attribute]
[TRACE]  [xcode-sim] @property (nonatomic, null_resettable) NSURL *styleURL;
[TRACE]  [xcode-sim] ^
[TRACE]  [xcode-sim] /Users/e-mmer/Sites/ti-mapbox-gl/module/iphone/platform/Mapbox.framework/Headers/MGLMapView.h:137:1: warning: default property attribute 'assign' not appropriate for non-GC object [-Wobjc-property-no-attribute]
[TRACE]  [xcode-sim] /Users/e-mmer/Sites/ti-mapbox-gl/module/iphone/platform/Mapbox.framework/Headers/MGLMapView.h:181:1: warning: no 'assign', 'retain', or 'copy' attribute is specified - 'assign' is assumed [-Wobjc-property-no-attribute]
[TRACE]  [xcode-sim] @property (nonatomic) NS_ARRAY_OF(NSString *) *styleClasses;
[TRACE]  [xcode-sim] ^
[TRACE]  [xcode-sim] /Users/e-mmer/Sites/ti-mapbox-gl/module/iphone/platform/Mapbox.framework/Headers/MGLMapView.h:181:1: warning: default property attribute 'assign' not appropriate for non-GC object [-Wobjc-property-no-attribute]
[TRACE]  [xcode-sim] /Users/e-mmer/Sites/ti-mapbox-gl/module/iphone/MatiseMapboxMapView.m:229:6: warning: local declaration of 'mapView' hides instance variable [-Wshadow-ivar]
[TRACE]  [xcode-sim]     [mapView deselectAnnotation:annotation animated:NO];
[TRACE]  [xcode-sim]      ^
[TRACE]  [xcode-sim] /Users/e-mmer/Sites/ti-mapbox-gl/module/iphone/MatiseMapboxMapView.m:244:44: warning: local declaration of 'mapView' hides instance variable [-Wshadow-ivar]
[TRACE]  [xcode-sim]     MGLAnnotationImage *annotationImage = [mapView dequeueReusableAnnotationImageWithIdentifier:marker.image];
[TRACE]  [xcode-sim]                                            ^
[TRACE]  [xcode-sim] 6 warnings generated.
[TRACE]  [xcode-sim] Libtool build/mapbox.build/Release-iphonesimulator/mapbox.build/Objects-normal/i386/libMatiseMapbox.a normal i386
[TRACE]  [xcode-sim]     cd /Users/e-mmer/Sites/ti-mapbox-gl/module/iphone
[TRACE]  [xcode-sim]     export IPHONEOS_DEPLOYMENT_TARGET=6.0
[TRACE]  [xcode-sim]     export PATH="/Applications/Xcode.app/Contents/Developer/Platforms/iPhoneSimulator.platform/Developer/usr/bin:/Applications/Xcode.app/Contents/Developer/usr/bin:/Library/Frameworks/GDAL.framework/Programs:/Library/Frameworks/GDAL.framework/Programs:/Applications/Postgres.app/Contents/Versions/9.3/bin:/Applications/Postgres.app/Contents/Versions/9.3/bin:/Applications/Postgres.app/Contents/Versions/9.3/bin:/usr/local/bin:/usr/local/bin:/usr/bin:/bin:/usr/sbin:/sbin:/opt/ImageMagick/bin"
[TRACE]  [xcode-sim]     /Applications/Xcode.app/Contents/Developer/Toolchains/XcodeDefault.xctoolchain/usr/bin/libtool -static -arch_only i386 -syslibroot /Applications/Xcode.app/Contents/Developer/Platforms/iPhoneSimulator.platform/Developer/SDKs/iPhoneSimulator9.3.sdk -L/Users/e-mmer/Sites/ti-mapbox-gl/module/iphone/build/Release-iphonesimulator -filelist /Users/e-mmer/Sites/ti-mapbox-gl/module/iphone/build/mapbox.build/Release-iphonesimulator/mapbox.build/Objects-normal/i386/MatiseMapbox.LinkFileList -framework Mapbox -o /Users/e-mmer/Sites/ti-mapbox-gl/module/iphone/build/mapbox.build/Release-iphonesimulator/mapbox.build/Objects-normal/i386/libMatiseMapbox.a
[TRACE]  [xcode-dist] In file included from /Users/e-mmer/Sites/ti-mapbox-gl/module/iphone/MatiseMapboxMapView.m:9:
[TRACE]  [xcode-dist] In file included from /Users/e-mmer/Sites/ti-mapbox-gl/module/iphone/MatiseMapboxMapView.h:8:
[TRACE]  [xcode-dist] In file included from /Users/e-mmer/Sites/ti-mapbox-gl/module/iphone/platform/Mapbox.framework/Headers/Mapbox.h:15:
[TRACE]  [xcode-dist] /Users/e-mmer/Sites/ti-mapbox-gl/module/iphone/platform/Mapbox.framework/Headers/MGLMapView.h:137:1: warning: no 'assign', 'retain', or 'copy' attribute is specified - 'assign' is assumed [-Wobjc-property-no-attribute]
[TRACE]  [xcode-dist] @property (nonatomic, null_resettable) NSURL *styleURL;
[TRACE]  [xcode-dist] ^
[TRACE]  [xcode-dist] /Users/e-mmer/Sites/ti-mapbox-gl/module/iphone/platform/Mapbox.framework/Headers/MGLMapView.h:137:1: warning: default property attribute 'assign' not appropriate for non-GC object [-Wobjc-property-no-attribute]
[TRACE]  [xcode-dist] /Users/e-mmer/Sites/ti-mapbox-gl/module/iphone/platform/Mapbox.framework/Headers/MGLMapView.h:181:1: warning: no 'assign', 'retain', or 'copy' attribute is specified - 'assign' is assumed [-Wobjc-property-no-attribute]
[TRACE]  [xcode-dist] @property (nonatomic) NS_ARRAY_OF(NSString *) *styleClasses;
[TRACE]  [xcode-dist] ^
[TRACE]  [xcode-dist] /Users/e-mmer/Sites/ti-mapbox-gl/module/iphone/platform/Mapbox.framework/Headers/MGLMapView.h:181:1: warning: default property attribute 'assign' not appropriate for non-GC object [-Wobjc-property-no-attribute]
[TRACE]  [xcode-dist] /Users/e-mmer/Sites/ti-mapbox-gl/module/iphone/MatiseMapboxMapView.m:229:6: warning: local declaration of 'mapView' hides instance variable [-Wshadow-ivar]
[TRACE]  [xcode-dist]     [mapView deselectAnnotation:annotation animated:NO];
[TRACE]  [xcode-dist]      ^
[TRACE]  [xcode-dist] /Users/e-mmer/Sites/ti-mapbox-gl/module/iphone/MatiseMapboxMapView.m:244:44: warning: local declaration of 'mapView' hides instance variable [-Wshadow-ivar]
[TRACE]  [xcode-dist]     MGLAnnotationImage *annotationImage = [mapView dequeueReusableAnnotationImageWithIdentifier:marker.image];
[TRACE]  [xcode-dist]                                            ^
[TRACE]  [xcode-dist] 6 warnings generated.
[TRACE]  [xcode-dist] CompileC build/mapbox.build/Release-iphoneos/mapbox.build/Objects-normal/arm64/MatiseMapboxMapView.o MatiseMapboxMapView.m normal arm64 objective-c com.apple.compilers.llvm.clang.1_0.compiler
[TRACE]  [xcode-dist]     cd /Users/e-mmer/Sites/ti-mapbox-gl/module/iphone
[TRACE]  [xcode-dist]     export LANG=en_US.US-ASCII
[TRACE]  [xcode-dist]     export PATH="/Applications/Xcode.app/Contents/Developer/Platforms/iPhoneOS.platform/Developer/usr/bin:/Applications/Xcode.app/Contents/Developer/usr/bin:/Library/Frameworks/GDAL.framework/Programs:/Library/Frameworks/GDAL.framework/Programs:/Applications/Postgres.app/Contents/Versions/9.3/bin:/Applications/Postgres.app/Contents/Versions/9.3/bin:/Applications/Postgres.app/Contents/Versions/9.3/bin:/usr/local/bin:/usr/local/bin:/usr/bin:/bin:/usr/sbin:/sbin:/opt/ImageMagick/bin"
[TRACE]  [xcode-dist]     /Applications/Xcode.app/Contents/Developer/Toolchains/XcodeDefault.xctoolchain/usr/bin/clang -x objective-c -arch arm64 -fmessage-length=0 -fdiagnostics-show-note-include-stack -fmacro-backtrace-limit=0 -std=c99 -Wno-trigraphs -fpascal-strings -Os -Wno-missing-field-initializers -Wno-missing-prototypes -Wno-return-type -Wno-implicit-atomic-properties -Wno-arc-repeated-use-of-weak -Wno-missing-braces -Wno-parentheses -Wswitch -Wunused-function -Wno-unused-label -Wno-unused-parameter -Wno-unused-variable -Wno-unused-value -Wno-empty-body -Wno-uninitialized -Wno-unknown-pragmas -Wno-shadow -Wno-four-char-constants -Wno-conversion -Wno-constant-conversion -Wno-int-conversion -Wno-bool-conversion -Wno-enum-conversion -Wshorten-64-to-32 -Wpointer-sign -Wno-newline-eof -Wno-selector -Wno-strict-selector-match -Wno-undeclared-selector -Wno-deprecated-implementations -DTI_VERSION= -isysroot /Applications/Xcode.app/Contents/Developer/Platforms/iPhoneOS.platform/Developer/SDKs/iPhoneOS9.3.sdk -fstrict-aliasing -Wprotocol -Wdeprecated-declarations -miphoneos-version-min=6.0 -g -Wno-sign-conversion -fembed-bitcode-marker -iquote /Users/e-mmer/Sites/ti-mapbox-gl/module/iphone/build/mapbox.build/Release-iphoneos/mapbox.build/MatiseMapbox-generated-files.hmap -I/Users/e-mmer/Sites/ti-mapbox-gl/module/iphone/build/mapbox.build/Release-iphoneos/mapbox.build/MatiseMapbox-own-target-headers.hmap -I/Users/e-mmer/Sites/ti-mapbox-gl/module/iphone/build/mapbox.build/Release-iphoneos/mapbox.build/MatiseMapbox-all-target-headers.hmap -iquote /Users/e-mmer/Sites/ti-mapbox-gl/module/iphone/build/mapbox.build/Release-iphoneos/mapbox.build/MatiseMapbox-project-headers.hmap -I/Users/e-mmer/Sites/ti-mapbox-gl/module/iphone/build/Release-iphoneos/include -I/Users/e-mmer/Library/Application\ Support/Titanium/mobilesdk/osx/5.3.0.GA/iphone/include -I/Users/e-mmer/Library/Application\ Support/Titanium/mobilesdk/osx/5.3.0.GA/iphone/include/TiCore -I/Users/e-mmer/Library/Application\ Support/Titanium/mobilesdk/osx/5.3.0.GA/iphone/include/JavaScriptCore -I/Users/e-mmer/Sites/ti-mapbox-gl/module/iphone/build/mapbox.build/Release-iphoneos/mapbox.build/DerivedSources/arm64 -I/Users/e-mmer/Sites/ti-mapbox-gl/module/iphone/build/mapbox.build/Release-iphoneos/mapbox.build/DerivedSources -F/Users/e-mmer/Sites/ti-mapbox-gl/module/iphone/build/Release-iphoneos -F/Users/e-mmer/Sites/ti-mapbox-gl/module/iphone/platform -DTI_POST_1_2 -include /var/folders/28/m8q8ztzn0957zpt2s5yyx1b80000gn/C/com.apple.DeveloperTools/7.3.1-7D1014/Xcode/SharedPrecompiledHeaders/MatiseMapbox_Prefix-gtpsaskdxutkkdfycwujqlofykng/MatiseMapbox_Prefix.pch -MMD -MT dependencies -MF /Users/e-mmer/Sites/ti-mapbox-gl/module/iphone/build/mapbox.build/Release-iphoneos/mapbox.build/Objects-normal/arm64/MatiseMapboxMapView.d --serialize-diagnostics /Users/e-mmer/Sites/ti-mapbox-gl/module/iphone/build/mapbox.build/Release-iphoneos/mapbox.build/Objects-normal/arm64/MatiseMapboxMapView.dia -c /Users/e-mmer/Sites/ti-mapbox-gl/module/iphone/MatiseMapboxMapView.m -o /Users/e-mmer/Sites/ti-mapbox-gl/module/iphone/build/mapbox.build/Release-iphoneos/mapbox.build/Objects-normal/arm64/MatiseMapboxMapView.o
[TRACE]  [xcode-dist] In file included from /Users/e-mmer/Sites/ti-mapbox-gl/module/iphone/MatiseMapboxMapView.m:9:
[TRACE]  [xcode-dist] In file included from /Users/e-mmer/Sites/ti-mapbox-gl/module/iphone/MatiseMapboxMapView.h:8:
[TRACE]  [xcode-dist] In file included from /Users/e-mmer/Sites/ti-mapbox-gl/module/iphone/platform/Mapbox.framework/Headers/Mapbox.h:15:
[TRACE]  [xcode-dist] /Users/e-mmer/Sites/ti-mapbox-gl/module/iphone/platform/Mapbox.framework/Headers/MGLMapView.h:137:1: warning: no 'assign', 'retain', or 'copy' attribute is specified - 'assign' is assumed [-Wobjc-property-no-attribute]
[TRACE]  [xcode-dist] @property (nonatomic, null_resettable) NSURL *styleURL;
[TRACE]  [xcode-dist] ^
[TRACE]  [xcode-dist] /Users/e-mmer/Sites/ti-mapbox-gl/module/iphone/platform/Mapbox.framework/Headers/MGLMapView.h:137:1: warning: default property attribute 'assign' not appropriate for non-GC object [-Wobjc-property-no-attribute]
[TRACE]  [xcode-dist] /Users/e-mmer/Sites/ti-mapbox-gl/module/iphone/platform/Mapbox.framework/Headers/MGLMapView.h:181:1: warning: no 'assign', 'retain', or 'copy' attribute is specified - 'assign' is assumed [-Wobjc-property-no-attribute]
[TRACE]  [xcode-dist] @property (nonatomic) NS_ARRAY_OF(NSString *) *styleClasses;
[TRACE]  [xcode-dist] ^
[TRACE]  [xcode-dist] /Users/e-mmer/Sites/ti-mapbox-gl/module/iphone/platform/Mapbox.framework/Headers/MGLMapView.h:181:1: warning: default property attribute 'assign' not appropriate for non-GC object [-Wobjc-property-no-attribute]
[TRACE]  [xcode-dist] /Users/e-mmer/Sites/ti-mapbox-gl/module/iphone/MatiseMapboxMapView.m:229:6: warning: local declaration of 'mapView' hides instance variable [-Wshadow-ivar]
[TRACE]  [xcode-dist]     [mapView deselectAnnotation:annotation animated:NO];
[TRACE]  [xcode-dist]      ^
[TRACE]  [xcode-dist] /Users/e-mmer/Sites/ti-mapbox-gl/module/iphone/MatiseMapboxMapView.m:244:44: warning: local declaration of 'mapView' hides instance variable [-Wshadow-ivar]
[TRACE]  [xcode-dist]     MGLAnnotationImage *annotationImage = [mapView dequeueReusableAnnotationImageWithIdentifier:marker.image];
[TRACE]  [xcode-dist]                                            ^
[TRACE]  [xcode-dist] 6 warnings generated.
[TRACE]  [xcode-dist] CompileC build/mapbox.build/Release-iphoneos/mapbox.build/Objects-normal/armv7/MatiseMapboxModuleAssets.o Classes/MatiseMapboxModuleAssets.m normal armv7 objective-c com.apple.compilers.llvm.clang.1_0.compiler
[TRACE]  [xcode-dist]     cd /Users/e-mmer/Sites/ti-mapbox-gl/module/iphone
[TRACE]  [xcode-dist]     export LANG=en_US.US-ASCII
[TRACE]  [xcode-dist]     export PATH="/Applications/Xcode.app/Contents/Developer/Platforms/iPhoneOS.platform/Developer/usr/bin:/Applications/Xcode.app/Contents/Developer/usr/bin:/Library/Frameworks/GDAL.framework/Programs:/Library/Frameworks/GDAL.framework/Programs:/Applications/Postgres.app/Contents/Versions/9.3/bin:/Applications/Postgres.app/Contents/Versions/9.3/bin:/Applications/Postgres.app/Contents/Versions/9.3/bin:/usr/local/bin:/usr/local/bin:/usr/bin:/bin:/usr/sbin:/sbin:/opt/ImageMagick/bin"
[TRACE]  [xcode-dist]     /Applications/Xcode.app/Contents/Developer/Toolchains/XcodeDefault.xctoolchain/usr/bin/clang -x objective-c -arch armv7 -fmessage-length=0 -fdiagnostics-show-note-include-stack -fmacro-backtrace-limit=0 -std=c99 -Wno-trigraphs -fpascal-strings -Os -Wno-missing-field-initializers -Wno-missing-prototypes -Wno-return-type -Wno-implicit-atomic-properties -Wno-arc-repeated-use-of-weak -Wno-missing-braces -Wno-parentheses -Wswitch -Wunused-function -Wno-unused-label -Wno-unused-parameter -Wno-unused-variable -Wno-unused-value -Wno-empty-body -Wno-uninitialized -Wno-unknown-pragmas -Wno-shadow -Wno-four-char-constants -Wno-conversion -Wno-constant-conversion -Wno-int-conversion -Wno-bool-conversion -Wno-enum-conversion -Wno-shorten-64-to-32 -Wpointer-sign -Wno-newline-eof -Wno-selector -Wno-strict-selector-match -Wno-undeclared-selector -Wno-deprecated-implementations -DTI_VERSION= -isysroot /Applications/Xcode.app/Contents/Developer/Platforms/iPhoneOS.platform/Developer/SDKs/iPhoneOS9.3.sdk -fstrict-aliasing -Wprotocol -Wdeprecated-declarations -miphoneos-version-min=6.0 -g -Wno-sign-conversion -fembed-bitcode-marker -iquote /Users/e-mmer/Sites/ti-mapbox-gl/module/iphone/build/mapbox.build/Release-iphoneos/mapbox.build/MatiseMapbox-generated-files.hmap -I/Users/e-mmer/Sites/ti-mapbox-gl/module/iphone/build/mapbox.build/Release-iphoneos/mapbox.build/MatiseMapbox-own-target-headers.hmap -I/Users/e-mmer/Sites/ti-mapbox-gl/module/iphone/build/mapbox.build/Release-iphoneos/mapbox.build/MatiseMapbox-all-target-headers.hmap -iquote /Users/e-mmer/Sites/ti-mapbox-gl/module/iphone/build/mapbox.build/Release-iphoneos/
[TRACE]  [xcode-dist] mapbox.build/MatiseMapbox-project-headers.hmap -I/Users/e-mmer/Sites/ti-mapbox-gl/module/iphone/build/Release-iphoneos/include -I/Users/e-mmer/Library/Application\ Support/Titanium/mobilesdk/osx/5.3.0.GA/iphone/include -I/Users/e-mmer/Library/Application\ Support/Titanium/mobilesdk/osx/5.3.0.GA/iphone/include/TiCore -I/Users/e-mmer/Library/Application\ Support/Titanium/mobilesdk/osx/5.3.0.GA/iphone/include/JavaScriptCore -I/Users/e-mmer/Sites/ti-mapbox-gl/module/iphone/build/mapbox.build/Release-iphoneos/mapbox.build/DerivedSources/armv7 -I/Users/e-mmer/Sites/ti-mapbox-gl/module/iphone/build/mapbox.build/Release-iphoneos/mapbox.build/DerivedSources -F/Users/e-mmer/Sites/ti-mapbox-gl/module/iphone/build/Release-iphoneos -F/Users/e-mmer/Sites/ti-mapbox-gl/module/iphone/platform -DTI_POST_1_2 -include /var/folders/28/m8q8ztzn0957zpt2s5yyx1b80000gn/C/com.apple.DeveloperTools/7.3.1-7D1014/Xcode/SharedPrecompiledHeaders/MatiseMapbox_Prefix-bsafdjeqschrmbdjcpapunuyivav/MatiseMapbox_Prefix.pch -MMD -MT dependencies -MF /Users/e-mmer/Sites/ti-mapbox-gl/module/iphone/build/mapbox.build/Release-iphoneos/mapbox.build/Objects-normal/armv7/MatiseMapboxModuleAssets.d --serialize-diagnostics /Users/e-mmer/Sites/ti-mapbox-gl/module/iphone/build/mapbox.build/Release-iphoneos/mapbox.build/Objects-normal/armv7/MatiseMapboxModuleAssets.dia -c /Users/e-mmer/Sites/ti-mapbox-gl/module/iphone/Classes/MatiseMapboxModuleAssets.m -o /Users/e-mmer/Sites/ti-mapbox-gl/module/iphone/build/mapbox.build/Release-iphoneos/mapbox.build/Objects-normal/armv7/MatiseMapboxModuleAssets.o
[TRACE]  [xcode-dist] Libtool build/mapbox.build/Release-iphoneos/mapbox.build/Objects-normal/arm64/libMatiseMapbox.a normal arm64
[TRACE]  [xcode-dist]     cd /Users/e-mmer/Sites/ti-mapbox-gl/module/iphone
[TRACE]  [xcode-dist]     export IPHONEOS_DEPLOYMENT_TARGET=6.0
[TRACE]  [xcode-dist]     export PATH="/Applications/Xcode.app/Contents/Developer/Platforms/iPhoneOS.platform/Developer/usr/bin:/Applications/Xcode.app/Contents/Developer/usr/bin:/Library/Frameworks/GDAL.framework/Programs:/Library/Frameworks/GDAL.framework/Programs:/Applications/Postgres.app/Contents/Versions/9.3/bin:/Applications/Postgres.app/Contents/Versions/9.3/bin:/Applications/Postgres.app/Contents/Versions/9.3/bin:/usr/local/bin:/usr/local/bin:/usr/bin:/bin:/usr/sbin:/sbin:/opt/ImageMagick/bin"
[TRACE]  [xcode-dist]     /Applications/Xcode.app/Contents/Developer/Toolchains/XcodeDefault.xctoolchain/usr/bin/libtool -static -arch_only arm64 -syslibroot /Applications/Xcode.app/Contents/Developer/Platforms/iPhoneOS.platform/Developer/SDKs/iPhoneOS9.3.sdk -L/Users/e-mmer/Sites/ti-mapbox-gl/module/iphone/build/Release-iphoneos -filelist /Users/e-mmer/Sites/ti-mapbox-gl/module/iphone/build/mapbox.build/Release-iphoneos/mapbox.build/Objects-normal/arm64/MatiseMapbox.LinkFileList -framework Mapbox -o /Users/e-mmer/Sites/ti-mapbox-gl/module/iphone/build/mapbox.build/Release-iphoneos/mapbox.build/Objects-normal/arm64/libMatiseMapbox.a
[TRACE]  [xcode-dist] Libtool build/mapbox.build/Release-iphoneos/mapbox.build/Objects-normal/armv7/libMatiseMapbox.a normal armv7
[TRACE]  [xcode-dist]     cd /Users/e-mmer/Sites/ti-mapbox-gl/module/iphone
[TRACE]  [xcode-dist]     export IPHONEOS_DEPLOYMENT_TARGET=6.0
[TRACE]  [xcode-dist]     export PATH="/Applications/Xcode.app/Contents/Developer/Platforms/iPhoneOS.platform/Developer/usr/bin:/Applications/Xcode.app/Contents/Developer/usr/bin:/Library/Frameworks/GDAL.framework/Programs:/Library/Frameworks/GDAL.framework/Programs:/Applications/Postgres.app/Contents/Versions/9.3/bin:/Applications/Postgres.app/Contents/Versions/9.3/bin:/Applications/Postgres.app/Contents/Versions/9.3/bin:/usr/local/bin:/usr/local/bin:/usr/bin:/bin:/usr/sbin:/sbin:/opt/ImageMagick/bin"
[TRACE]  [xcode-dist]     /Applications/Xcode.app/Contents/Developer/Toolchains/XcodeDefault.xctoolchain/usr/bin/libtool -static -arch_only armv7 -syslibroot /Applications/Xcode.app/Contents/Developer/Platforms/iPhoneOS.platform/Developer/SDKs/iPhoneOS9.3.sdk -L/Users/e-mmer/Sites/ti-mapbox-gl/module/iphone/build/Release-iphoneos -filelist /Users/e-mmer/Sites/ti-mapbox-gl/module/iphone/build/mapbox.build/Release-iphoneos/mapbox.build/Objects-normal/armv7/MatiseMapbox.LinkFileList -framework Mapbox -o /Users/e-mmer/Sites/ti-mapbox-gl/module/iphone/build/mapbox.build/Release-iphoneos/mapbox.build/Objects-normal/armv7/libMatiseMapbox.a
[TRACE]  [xcode-dist] CreateUniversalBinary build/Release-iphoneos/libMatiseMapbox.a normal armv7\ arm64
[TRACE]  [xcode-dist]     cd /Users/e-mmer/Sites/ti-mapbox-gl/module/iphone
[TRACE]  [xcode-dist]     export PATH="/Applications/Xcode.app/Contents/Developer/Platforms/iPhoneOS.platform/Developer/usr/bin:/Applications/Xcode.app/Contents/Developer/usr/bin:/Library/Frameworks/GDAL.framework/Programs:/Library/Frameworks/GDAL.framework/Programs:/Applications/Postgres.app/Contents/Versions/9.3/bin:/Applications/Postgres.app/Contents/Versions/9.3/bin:/Applications/Postgres.app/Contents/Versions/9.3/bin:/usr/local/bin:/usr/local/bin:/usr/bin:/bin:/usr/sbin:/sbin:/opt/ImageMagick/bin"
[TRACE]  [xcode-dist]     /Applications/Xcode.app/Contents/Developer/Toolchains/XcodeDefault.xctoolchain/usr/bin/libtool -static /Users/e-mmer/Sites/ti-mapbox-gl/module/iphone/build/mapbox.build/Release-iphoneos/mapbox.build/Objects-normal/armv7/libMatiseMapbox.a /Users/e-mmer/Sites/ti-mapbox-gl/module/iphone/build/mapbox.build/Release-iphoneos/mapbox.build/Objects-normal/arm64/libMatiseMapbox.a -o /Users/e-mmer/Sites/ti-mapbox-gl/module/iphone/build/Release-iphoneos/libMatiseMapbox.a
[TRACE]  [xcode-sim] Libtool build/mapbox.build/Release-iphonesimulator/mapbox.build/Objects-normal/x86_64/libMatiseMapbox.a normal x86_64
[TRACE]  [xcode-sim]     cd /Users/e-mmer/Sites/ti-mapbox-gl/module/iphone
[TRACE]  [xcode-sim]     export IPHONEOS_DEPLOYMENT_TARGET=6.0
[TRACE]  [xcode-sim]     export PATH="/Applications/Xcode.app/Contents/Developer/Platforms/iPhoneSimulator.platform/Developer/usr/bin:/Applications/Xcode.app/Contents/Developer/usr/bin:/Library/Frameworks/GDAL.framework/Programs:/Library/Frameworks/GDAL.framework/Programs:/Applications/Postgres.app/Contents/Versions/9.3/bin:/Applications/Postgres.app/Contents/Versions/9.3/bin:/Applications/Postgres.app/Contents/Versions/9.3/bin:/usr/local/bin:/usr/local/bin:/usr/bin:/bin:/usr/sbin:/sbin:/opt/ImageMagick/bin"
[TRACE]  [xcode-sim]     /Applications/Xcode.app/Contents/Developer/Toolchains/XcodeDefault.xctoolchain/usr/bin/libtool -static -arch_only x86_64 -syslibroot /Applications/Xcode.app/Contents/Developer/Platforms/iPhoneSimulator.platform/Developer/SDKs/iPhoneSimulator9.3.sdk -L/Users/e-mmer/Sites/ti-mapbox-gl/module/iphone/build/Release-iphonesimulator -filelist /Users/e-mmer/Sites/ti-mapbox-gl/module/iphone/build/mapbox.build/Release-iphonesimulator/mapbox.build/Objects-normal/x86_64/MatiseMapbox.LinkFileList -framework Mapbox -o /Users/e-mmer/Sites/ti-mapbox-gl/module/iphone/build/mapbox.build/Release-iphonesimulator/mapbox.build/Objects-normal/x86_64/libMatiseMapbox.a
[TRACE]  [xcode-sim] CreateUniversalBinary build/Release-iphonesimulator/libMatiseMapbox.a normal i386\ x86_64
[TRACE]  [xcode-sim]     cd /Users/e-mmer/Sites/ti-mapbox-gl/module/iphone
[TRACE]  [xcode-sim]     export PATH="/Applications/Xcode.app/Contents/Developer/Platforms/iPhoneSimulator.platform/Developer/usr/bin:/Applications/Xcode.app/Contents/Developer/usr/bin:/Library/Frameworks/GDAL.framework/Programs:/Library/Frameworks/GDAL.framework/Programs:/Applications/Postgres.app/Contents/Versions/9.3/bin:/Applications/Postgres.app/Contents/Versions/9.3/bin:/Applications/Postgres.app/Contents/Versions/9.3/bin:/usr/local/bin:/usr/local/bin:/usr/bin:/bin:/usr/sbin:/sbin:/opt/ImageMagick/bin"
[TRACE]  [xcode-sim]     /Applications/Xcode.app/Contents/Developer/Toolchains/XcodeDefault.xctoolchain/usr/bin/libtool -static /Users/e-mmer/Sites/ti-mapbox-gl/module/iphone/build/mapbox.build/Release-iphonesimulator/mapbox.build/Objects-normal/i386/libMatiseMapbox.a /Users/e-mmer/Sites/ti-mapbox-gl/module/iphone/build/mapbox.build/Release-iphonesimulator/mapbox.build/Objects-normal/x86_64/libMatiseMapbox.a -o /Users/e-mmer/Sites/ti-mapbox-gl/module/iphone/build/Release-iphonesimulator/libMatiseMapbox.a
[TRACE]  [xcode-sim] ** BUILD SUCCEEDED **
[TRACE]  [xcode-dist] ** BUILD SUCCEEDED **
[INFO]   Creating module zip
[INFO]   Writing module zip: /Users/e-mmer/Sites/ti-mapbox-gl/module/iphone/matise.mapbox-iphone-1.0.0.zip
[INFO]   Project built successfully in 5s 958ms
